Determining if the pthread_create exist failed with the following output:
Change Dir: /home/ariy/Capstone/gazeTracker/build/CMakeFiles/CMakeTmp

Run Build Command:"/usr/bin/make" "cmTC_67c6d/fast"
/usr/bin/make -f CMakeFiles/cmTC_67c6d.dir/build.make CMakeFiles/cmTC_67c6d.dir/build
make[1]: Entering directory '/home/ariy/Capstone/gazeTracker/build/CMakeFiles/CMakeTmp'
Building C object CMakeFiles/cmTC_67c6d.dir/CheckSymbolExists.c.o
/usr/bin/cc     -o CMakeFiles/cmTC_67c6d.dir/CheckSymbolExists.c.o   -c /home/ariy/Capstone/gazeTracker/build/CMakeFiles/CMakeTmp/CheckSymbolExists.c
Linking C executable cmTC_67c6d
/usr/bin/cmake -E cmake_link_script CMakeFiles/cmTC_67c6d.dir/link.txt --verbose=1
/usr/bin/cc       CMakeFiles/cmTC_67c6d.dir/CheckSymbolExists.c.o  -o cmTC_67c6d -rdynamic 
CMakeFiles/cmTC_67c6d.dir/CheckSymbolExists.c.o: In function `main':
CheckSymbolExists.c:(.text+0x16): undefined reference to `pthread_create'
collect2: error: ld returned 1 exit status
CMakeFiles/cmTC_67c6d.dir/build.make:97: recipe for target 'cmTC_67c6d' failed
make[1]: *** [cmTC_67c6d] Error 1
make[1]: Leaving directory '/home/ariy/Capstone/gazeTracker/build/CMakeFiles/CMakeTmp'
Makefile:126: recipe for target 'cmTC_67c6d/fast' failed
make: *** [cmTC_67c6d/fast] Error 2

File /home/ariy/Capstone/gazeTracker/build/CMakeFiles/CMakeTmp/CheckSymbolExists.c:
/* */
#include <pthread.h>

int main(int argc, char** argv)
{
  (void)argv;
#ifndef pthread_create
  return ((int*)(&pthread_create))[argc];
#else
  (void)argc;
  return 0;
#endif
}

